This is pdfTeX, Version 3.14159265-2.6-1.40.16 (TeX Live 2015/Debian) (preloaded format=prv_examination 2018.2.22)  22 FEB 2018 09:24
entering extended mode
 restricted \write18 enabled.
 %&-line parsing enabled.
**&prv_examination _region_.tex
(./_region_.tex
LaTeX2e <2016/02/01>
Babel <3.9q> and hyphenation patterns for 29 language(s) loaded.
CUSTOMISED FORMAT. Preloaded files:
        .
  report.cls    2014/09/29 v1.4h Standard LaTeX document class
  size10.clo    2014/09/29 v1.4h Standard LaTeX file (size option)
inputenc.sty    2015/03/17 v1.2c Input encoding file
    utf8.def    2015/12/03 v1.1r UTF-8 support for inputenc
   t1enc.dfu    2015/12/03 v1.1r UTF-8 support for inputenc
  ot1enc.dfu    2015/12/03 v1.1r UTF-8 support for inputenc
  omsenc.dfu    2015/12/03 v1.1r UTF-8 support for inputenc
 amsmath.sty    2016/03/03 v2.15a AMS math features
 amstext.sty    2000/06/29 v2.01 AMS text
  amsgen.sty    1999/11/30 v2.0 generic functions
  amsbsy.sty    1999/11/29 v1.2d Bold Symbols
  amsopn.sty    1999/12/14 v2.01 operator names
  amsthm.sty    2015/03/04 v2.20.2
 amssymb.sty    2013/01/14 v3.01 AMS font symbols
amsfonts.sty    2013/01/14 v3.01 Basic AMSFonts support
subcaption.sty    2016/02/20 v1.1-142 Sub-captions (AR)
 caption.sty    2016/02/21 v3.3-144 Customizing captions (AR)
caption3.sty    2016/02/04 v1.7-139 caption3 kernel (AR)
  keyval.sty    2014/10/28 v1.15 key=value parser (DPC)
graphicx.sty    2014/10/28 v1.0g Enhanced LaTeX Graphics (DPC,SPQR)
graphics.sty    2016/01/03 v1.0q Standard LaTeX Graphics (DPC,SPQR)
    trig.sty    2016/01/03 v1.10 sin cos tan (DPC)
graphics.cfg    2010/04/23 v1.9 graphics configuration of TeX Live
  pdftex.def    2011/05/27 v0.06d Graphics/color for pdfTeX
infwarerr.sty    2010/04/08 v1.3 Providing info/warning/error messages (HO)
 ltxcmds.sty    2011/11/09 v1.22 LaTeX kernel commands for general use (HO)
 comment.sty    
      bm.sty    2014/10/28 v1.1c Bold Symbol Support (DPC/FMi)
 diagbox.sty    2016/02/24 v2.1 Making table heads with diagonal lines
  pict2e.sty    2016/02/05 v0.3b Improved picture commands (HjG,RN,JT)
  pict2e.cfg    2016/02/05 v0.1u pict2e configuration for teTeX/TeXLive
p2e-pdftex.def    2016/02/05 v0.1u Driver-dependant file (RN,HjG,JT)
      fp.sty    1995/04/02
defpattern.sty    1994/10/12
fp-basic.sty    1996/05/13
fp-addons.sty    1995/03/15
 fp-snap.sty    1995/04/05
  fp-exp.sty    1995/04/03
fp-trigo.sty    1995/04/14
  fp-pas.sty    1994/08/29
fp-random.sty    1995/02/23
  fp-eqn.sty    1995/04/03
  fp-upn.sty    1996/10/21
 fp-eval.sty    1995/04/03
   array.sty    2014/10/28 v2.4c Tabular extension package (FMi)
biblatex.sty    2016/03/03 v3.3 programmable bibliographies (PK/JW/AB)
biblatex_.sty    2016/03/03 v3.3 programmable bibliographies (biber) (PK/JW/AB)

etoolbox.sty    2015/08/02 v2.2a e-TeX tools for LaTeX (JAW)
kvoptions.sty    2011/06/30 v3.11 Key value format for package options (HO)
kvsetkeys.sty    2012/04/25 v1.16 Key value parser (HO)
etexcmds.sty    2011/02/16 v1.5 Avoid name clashes with e-TeX commands (HO)
ifluatex.sty    2010/03/01 v1.3 Provides the ifluatex switch (HO)
  logreq.sty    2010/08/04 v1.0 xml request logger
  logreq.def    2010/08/04 v1.0 logreq spec v1.0
  ifthen.sty    2014/09/29 v1.1c Standard LaTeX ifthen package (DPC)
     url.sty    2013/09/16  ver 3.4  Verb mode for urls, etc.
  blx-dm.def
biblatex-dm.cfg
blx-compat.def    2016/03/03 v3.3 biblatex compatibility (PK/JW/AB)
biblatex_.def    
standard.bbx    2016/03/03 v3.3 biblatex bibliography style (PK/JW/AB)
 numeric.bbx    2016/03/03 v3.3 biblatex bibliography style (PK/JW/AB)
 numeric.cbx    2016/03/03 v3.3 biblatex citation style (PK/JW/AB)
biblatex.cfg    
listings.sty    2015/06/04 1.6 (Carsten Heinz)
 lstmisc.sty    2015/06/04 1.6 (Carsten Heinz)
listings.cfg    2015/06/04 1.6 listings configuration
   color.sty    2016/01/03 v1.1b Standard LaTeX Color (DPC)
   color.cfg    2007/01/18 v1.5 color configuration of teTeX/TeXLive
 english.lbx    2016/03/03 v3.3 biblatex localization (PK/JW/AB)
    umsa.fd    2013/01/14 v3.01 AMS symbols A
    umsb.fd    2013/01/14 v3.01 AMS symbols B
        .
(./_region_.aux)
LaTeX Font Info:    Checking defaults for OML/cmm/m/it on input line 71.
LaTeX Font Info:    ... okay on input line 71.
LaTeX Font Info:    Checking defaults for T1/cmr/m/n on input line 71.
LaTeX Font Info:    ... okay on input line 71.
LaTeX Font Info:    Checking defaults for OT1/cmr/m/n on input line 71.
LaTeX Font Info:    ... okay on input line 71.
LaTeX Font Info:    Checking defaults for OMS/cmsy/m/n on input line 71.
LaTeX Font Info:    ... okay on input line 71.
LaTeX Font Info:    Checking defaults for OMX/cmex/m/n on input line 71.
LaTeX Font Info:    ... okay on input line 71.
LaTeX Font Info:    Checking defaults for U/cmr/m/n on input line 71.
LaTeX Font Info:    ... okay on input line 71.
 (/usr/share/texmf/tex/latex/preview/preview.sty
Package: preview 2010/02/14 11.88 (AUCTeX/preview-latex)

(/usr/share/texmf/tex/latex/preview/prtightpage.def
\PreviewBorder=\dimen136
)
(/usr/share/texmf/tex/latex/preview/prauctex.def
No auxiliary output files.


\hbadness=\count309
\hfuzz=\dimen137
(/usr/share/texmf/tex/latex/preview/prauctex.cfg))
(/usr/share/texmf/tex/latex/preview/prfootnotes.def)
\pr@snippet=\count310
\pr@box=\box33
\pr@output=\toks31

Preview: Fontsize 10pt
Preview: PDFoutput 1
)
Package caption Info: Begin \AtBeginDocument code.
Package caption Info: Incompatible package detected (regarding \caption).
(caption)             \caption = \protected\long macro:->\pr@protect@domacro {}
{##1{}}\pr@\caption .


Package caption Warning: \caption will not be redefined since it's already
(caption)                redefined by a document class or package which is
(caption)                unknown to the caption package.
See the caption package documentation for explanation.

Package caption Info: listings package is loaded.

! Package caption Error: The `subcaption' package does not work correctly
(caption)                in compatibility mode.

See the caption package documentation for explanation.
Type  H <return>  for immediate help.
 ...                                              
                                                  
l.71 \begin{document}
                     
If you do not understand this error, please take a closer look
at the documentation of the `caption' package, especially the
section about errors.
Try typing  <return>  to proceed.
If that doesn't work, type  X <return>  to quit.

Package caption Info: End \AtBeginDocument code.
(/usr/share/texlive/texmf-dist/tex/context/base/supp-pdf.mkii
[Loading MPS to PDF converter (version 2006.09.02).]
\scratchcounter=\count311
\scratchdimen=\dimen138
\scratchbox=\box34
\nofMPsegments=\count312
\nofMParguments=\count313
\everyMPshowfont=\toks32
\MPscratchCnt=\count314
\MPscratchDim=\dimen139
\MPnumerator=\count315
\makeMPintoPDFobject=\count316
\everyMPtoPDFconversion=\toks33
) (/usr/share/texlive/texmf-dist/tex/generic/oberdiek/pdftexcmds.sty
Package: pdftexcmds 2011/11/29 v0.20 Utility functions of pdfTeX for LuaTeX (HO
)

(/usr/share/texlive/texmf-dist/tex/generic/oberdiek/ifpdf.sty
Package: ifpdf 2011/01/30 v2.3 Provides the ifpdf switch (HO)
Package ifpdf Info: pdfTeX in PDF mode is detected.
)
Package pdftexcmds Info: LuaTeX not detected.
Package pdftexcmds Info: \pdf@primitive is available.
Package pdftexcmds Info: \pdf@ifprimitive is available.
Package pdftexcmds Info: \pdfdraftmode found.
)
(/usr/share/texlive/texmf-dist/tex/latex/oberdiek/epstopdf-base.sty
Package: epstopdf-base 2010/02/09 v2.5 Base part for package epstopdf

(/usr/share/texlive/texmf-dist/tex/latex/oberdiek/grfext.sty
Package: grfext 2010/08/19 v1.1 Manage graphics extensions (HO)

(/usr/share/texlive/texmf-dist/tex/generic/oberdiek/kvdefinekeys.sty
Package: kvdefinekeys 2011/04/07 v1.3 Define keys (HO)
))
Package grfext Info: Graphics extension search list:
(grfext)             [.png,.pdf,.jpg,.mps,.jpeg,.jbig2,.jb2,.PNG,.PDF,.JPG,.JPE
G,.JBIG2,.JB2,.eps]
(grfext)             \AppendGraphicsExtensions on input line 452.

(/usr/share/texlive/texmf-dist/tex/latex/latexconfig/epstopdf-sys.cfg
File: epstopdf-sys.cfg 2010/07/13 v1.3 Configuration of (r)epstopdf for TeX Liv
e
))
Package biblatex Info: Input encoding 'utf8' detected.
Package biblatex Info: Automatic encoding selection.
(biblatex)             Assuming data encoding 'utf8'.
Package biblatex Info: Reference section=0 on input line 71.
Package biblatex Info: Reference segment=0 on input line 71.
\c@lstlisting=\count317

 !name(ex2.tex) !offset(-73) 
! Preview: Snippet 1 started.
<-><->
      
l.74 \section
             *{Exercise 2}
Not a real error.

Preview: Tightpage -32891 -32891 32891 32891
! Preview: Snippet 1 ended.(655359+0x22609920).
<-><->
      
l.74 \section*{Exercise 2}
                          
Not a real error.

[1{/var/lib/texmf/fonts/map/pdftex/updmap/pdftex.map}]
! Preview: Snippet 2 started.
<-><->
      
l.77 \subsection
                *{(a)}
Not a real error.

! Preview: Snippet 2 ended.(589824+196608x22609920).
<-><->
      
l.77 \subsection*{(a)}
                      
Not a real error.

[2]

LaTeX Warning: Reference `fig:ex2-scatter' on page 1 undefined on input line 80
.

! Preview: Snippet 3 started.
<-><->
      
l.81 clearly be seen at $
                         x_1 = 284$.
Not a real error.

! Preview: Snippet 3 ended.(422343+98303x2525408).
<-><->
      
l.81 clearly be seen at $x_1 = 284$
                                   .
Not a real error.

[3]
! Preview: Snippet 4 started.
<-><->
      
l.82 \begin{figure}
                   [h]
Not a real error.

Package epstopdf Info: Source file: <./images/ex2-scatterplot.eps>
(epstopdf)                    date: 2017-09-19 14:40:24
(epstopdf)                    size: 5226 bytes
(epstopdf)             Output file: <./images/ex2-scatterplot-eps-converted-to.
pdf>
(epstopdf)                    date: 2017-09-19 16:06:00
(epstopdf)                    size: 10830 bytes
(epstopdf)             Command: <repstopdf --outfile=./images/ex2-scatterplot-e
ps-converted-to.pdf ./images/ex2-scatterplot.eps>
(epstopdf)             \includegraphics on input line 84.
Package epstopdf Info: Output file is already uptodate.

<./images/ex2-scatterplot-eps-converted-to.pdf, id=16, 458.71375pt x 297.11pt>
File: ./images/ex2-scatterplot-eps-converted-to.pdf Graphic file (type pdf)

<use ./images/ex2-scatterplot-eps-converted-to.pdf>
Package pdftex.def Info: ./images/ex2-scatterplot-eps-converted-to.pdf used on 
input line 84.
(pdftex.def)             Requested size: 142.26378pt x 92.14394pt.

! Preview: Snippet 4 ended.(8266969+0x22609920).
<-><->
      
l.88 \end{figure}
                 
Not a real error.

[4



 <./images/ex2-scatterplot-eps-converted-to.pdf>]
! Preview: Snippet 5 started.
<-><->
      
l.90 \subsection
                *{(b)}
Not a real error.

! Preview: Snippet 5 ended.(589824+196608x22609920).
<-><->
      
l.90 \subsection*{(b)}
                      
Not a real error.

[5]
! Preview: Snippet 6 started.
<-><->
      
l.93 We remove the sample with $
                                x^{\rm male}_{1} = 284$.
Not a real error.

! Preview: Snippet 6 ended.(556402+162667x3337330).
<-><->
      
l.93 ...e the sample with $x^{\rm male}_{1} = 284$
                                                  .
Not a real error.

[6]
! Preview: Snippet 7 started.
<-><->
      
l.94 Let $
          H_{0}: \b S_{\rm male} = \b S_{\rm female}$ versus $A \neq
Not a real error.

! Preview: Snippet 7 ended.(449650+98303x5773988).
<-><->
      
l.94 ..._{0}: \b S_{\rm male} = \b S_{\rm female}$
                                                   versus $A \neq
Not a real error.

[7]
! Preview: Snippet 8 started.
<-><->
      
l.94 ...S_{\rm male} = \b S_{\rm female}$ versus $
                                                  A \neq
Not a real error.

! Preview: Snippet 8 ended.(455111+127430x1963341).
<-><->
      
l.95 H$
       . For this test we can use Box's test for equality of covariance
Not a real error.

[8]
! Preview: Snippet 9 started.
<-><->
      
l.96 matrices, in which we reject $
                                   H_{0}$ if
Not a real error.

! Preview: Snippet 9 ended.(447828+98303x838771).
<-><->
      
l.96 matrices, in which we reject $H_{0}$
                                          if
Not a real error.

[9]
! Preview: Snippet 10 started.
<-><->
      
l.97 \begin{equation*}
                      \label{eq:boxcorrection}
Not a real error.

! Preview: Snippet 10 ended.(2019151+0x22609920).
<-><->
      
l.105 \end{equation*}
                     
Not a real error.

[10

]
! Preview: Snippet 11 started.
<-><->
      
l.106 where $
             p=2$ is the dimension of the populations, $g = 2$ is the
Not a real error.

! Preview: Snippet 11 ended.(422343+127431x1531215).
<-><->
      
l.106 where $p=2$
                  is the dimension of the populations, $g = 2$ is the
Not a real error.

[11]
! Preview: Snippet 12 started.
<-><->
      
l.106 ...2$ is the dimension of the populations, $
                                                  g = 2$ is the
Not a real error.

! Preview: Snippet 12 ended.(422343+127431x1537586).
<-><->
      
l.106 ...the dimension of the populations, $g = 2$
                                                   is the
Not a real error.

[12]
! Preview: Snippet 13 started.
<-><->
      
l.108 \begin{equation*}
                       
Not a real error.

! Preview: Snippet 13 ended.(2019151+0x18939226).
<-><->
      
l.116 \end{equation*}
                     
Not a real error.

[13]
! Preview: Snippet 14 started.
<-><->
      
l.117 We represent the male population with $
                                             i=1$ and the female by
Not a real error.

! Preview: Snippet 14 ended.(432226+0x1427267).
<-><->
      
l.117 We represent the male population with $i=1$
                                                  and the female by
Not a real error.

[14]
! Preview: Snippet 15 started.
<-><->
      
l.118 $
       i=2$. The covariance matrices $\b S_{i}$ is the sample mean for $i =
Not a real error.

! Preview: Snippet 15 ended.(432226+0x1427267).
<-><->
      
l.118 $i=2$
           . The covariance matrices $\b S_{i}$ is the sample mean for $i =
Not a real error.

[15]
! Preview: Snippet 16 started.
<-><->
      
l.118 $i=2$. The covariance matrices $
                                      \b S_{i}$ is the sample mean for $i =
Not a real error.

! Preview: Snippet 16 ended.(449650+98303x672159).
<-><->
      
l.118 $i=2$. The covariance matrices $\b S_{i}$
                                                is the sample mean for $i =
Not a real error.

[16]
! Preview: Snippet 17 started.
<-><->
      
l.118 ...rices $\b S_{i}$ is the sample mean for $
                                                  i =
Not a real error.

! Preview: Snippet 17 ended.(432226+127431x2046217).
<-><->
      
l.119 1,2$
          , and the pooled matrix, $\b S_{\rm pooled}$, is given by
Not a real error.

[17]
! Preview: Snippet 18 started.
<-><->
      
l.119 1,2$, and the pooled matrix, $
                                    \b S_{\rm pooled}$, is given by
Not a real error.

! Preview: Snippet 18 ended.(449650+187504x1997714).
<-><->
      
l.119 ...nd the pooled matrix, $\b S_{\rm pooled}$
                                                  , is given by
Not a real error.

[18]
! Preview: Snippet 19 started.
<-><->
      
l.120 \begin{equation*}
                       
Not a real error.

! Preview: Snippet 19 ended.(2019151+0x16849013).
<-><->
      
l.123 \end{equation*}
                     
Not a real error.

[19]
! Preview: Snippet 20 started.
<-><->
      
l.125 \begin{equation*}
                       
Not a real error.

! Preview: Snippet 20 ended.(2019151+0x20857342).
<-><->
      
l.133 \end{equation*}
                     
Not a real error.

[20]
! Preview: Snippet 21 started.
<-><->
      
l.135 \begin{equation*}
                       
Not a real error.

! Preview: Snippet 21 ended.(859244+0x17446045).
<-><->
      
l.137 \end{equation*}
                     
Not a real error.

[21]
! Preview: Snippet 22 started.
<-><->
      
l.138 Hence we should not reject $
                                  H_{0}$, the matrices can be pooled. On the
Not a real error.

! Preview: Snippet 22 ended.(447828+98303x838771).
<-><->
      
l.138 Hence we should not reject $H_{0}$
                                        , the matrices can be pooled. On the
Not a real error.

[22]
! Preview: Snippet 23 started.
<-><->
      
l.140 $
       x_{1}^{\rm male} = 184$, we get that
Not a real error.

! Preview: Snippet 23 ended.(556402+162667x3337330).
<-><->
      
l.140 $x_{1}^{\rm male} = 184$
                              , we get that
Not a real error.

[23]
! Preview: Snippet 24 started.
<-><->
      
l.141 \begin{equation*}
                       
Not a real error.

! Preview: Snippet 24 ended.(2019151+0x20948365).
<-><->
      
l.149 \end{equation*}
                     
Not a real error.

[24]
! Preview: Snippet 25 started.
<-><->
      
l.151 \subsection
                 *{(c)}
Not a real error.

! Preview: Snippet 25 ended.(589824+196608x22609920).
<-><->
      
l.151 \subsection*{(c)}
                       
Not a real error.

[25]

LaTeX Warning: Citation 'book' on page 1 undefined on input line 154.

! Preview: Snippet 26 started.
<-><->
      
l.154 ...2 in \cite[p. 286]{book} we can use the $
                                                  T^{2}$ test
Not a real error.

! Preview: Snippet 26 ended.(533465+0x768002).
<-><->
      
l.154 ...cite[p. 286]{book} we can use the $T^{2}$
                                                   test
Not a real error.

[26]
! Preview: Snippet 27 started.
<-><->
      
l.155  where we accept $
                        H_{0}:\b \mu_{\rm male} = \b \mu_{\rm female}$ versus
Not a real error.

! Preview: Snippet 27 ended.(447828+127431x5793862).
<-><->
      
l.155 ...:\b \mu_{\rm male} = \b \mu_{\rm female}$
                                                   versus
Not a real error.

[27]
! Preview: Snippet 28 started.
<-><->
      
l.156  $
        H_{1}:\b \mu_{\rm male} \neq \b \mu_{\rm female}$ if
Not a real error.

! Preview: Snippet 28 ended.(455111+127431x5793862).
<-><->
      
l.156 ... \mu_{\rm male} \neq \b \mu_{\rm female}$
                                                   if
Not a real error.

[28]
! Preview: Snippet 29 started.
<-><->
      
l.157 \begin{equation*}
                       
Not a real error.

! Preview: Snippet 29 ended.(1706501+0x22609920).
<-><->
      
l.166 \end{equation*}
                     
Not a real error.

[29]
! Preview: Snippet 30 started.
<-><->
      
l.167 with a confidence level of $
                                  1-\alpha$, where $\b Y = \b X_{\rm male}- \b
Not a real error.

! Preview: Snippet 30 ended.(422343+54613x1550332).
<-><->
      
l.167 with a confidence level of $1-\alpha$
                                           , where $\b Y = \b X_{\rm male}- \b
Not a real error.

[30]
! Preview: Snippet 31 started.
<-><->
      
l.167 ...a confidence level of $1-\alpha$, where $
                                                  \b Y = \b X_{\rm male}- \b
Not a real error.

! Preview: Snippet 31 ended.(580715+163840x12195775).
<-><->
      
l.168 ...ean X_{\rm male}- \mean X_{\rm female} )$
                                                   and $n$ is the total numb...

Not a real error.

[31]
! Preview: Snippet 32 started.
<-><->
      
l.168 ...{\rm male}- \mean X_{\rm female} )$ and $
                                                  n$ is the total number of ...

Not a real error.

! Preview: Snippet 32 ended.(282168+0x393370).
<-><->
      
l.168 ...rm male}- \mean X_{\rm female} )$ and $n$
                                                   is the total number of sa...

Not a real error.

[32]
! Preview: Snippet 33 started.
<-><->
      
l.169  $
        T^{2}\approx 24.96 $
Not a real error.

! Preview: Snippet 33 ended.(533465+0x3134577).
<-><->
      
l.169  $T^{2}\approx 24.96 $
                            
Not a real error.

[33]
! Preview: Snippet 34 started.
<-><->
      
l.170 and $
           c^{2}_{\alpha} \approx 6.28$, thus we reject $H_{0}$. \\
Not a real error.

! Preview: Snippet 34 ended.(533465+162016x2695979).
<-><->
      
l.170 and $c^{2}_{\alpha} \approx 6.28$
                                       , thus we reject $H_{0}$. \\
Not a real error.

[34]
! Preview: Snippet 35 started.
<-><->
      
l.170 ..._{\alpha} \approx 6.28$, thus we reject $
                                                  H_{0}$. \\
Not a real error.

! Preview: Snippet 35 ended.(447828+98303x838771).
<-><->
      
l.170 ...ha} \approx 6.28$, thus we reject $H_{0}$
                                                  . \\
Not a real error.

[35]
! Preview: Snippet 36 started.
<-><->
      
l.172 ...stead change the outlier to 184, we get $
                                                  T^{2} \approx 25.66$ and
Not a real error.

! Preview: Snippet 36 ended.(533465+0x3134577).
<-><->
      
l.172 ...lier to 184, we get $T^{2} \approx 25.66$
                                                   and
Not a real error.

[36]
! Preview: Snippet 37 started.
<-><->
      
l.173 $
       c_{\alpha}^{2} \approx  6.27$, so we get the same conclusion as when
Not a real error.

! Preview: Snippet 37 ended.(533465+162016x2695979).
<-><->
      
l.173 $c_{\alpha}^{2} \approx  6.27$
                                    , so we get the same conclusion as when
Not a real error.

[37]
! Preview: Snippet 38 started.
<-><->
      
l.174 we removed the outlier; $
                               H_{0}$ is rejected.
Not a real error.

! Preview: Snippet 38 ended.(447828+98303x838771).
<-><->
      
l.174 we removed the outlier; $H_{0}$
                                      is rejected.
Not a real error.

[38]
! Preview: Snippet 39 started.
<-><->
      
l.175 \subsection
                 *{(d)}
Not a real error.

! Preview: Snippet 39 ended.(589824+196608x22609920).
<-><->
      
l.175 \subsection*{(d)}
                       
Not a real error.

[39]

LaTeX Warning: Citation 'book' on page 1 undefined on input line 176.

! Preview: Snippet 40 started.
<-><->
      
l.177  $
        \b a^{T} (\mean x_{\rm male} - \mean x_{\rm female})$ with $\b a
Not a real error.

! Preview: Snippet 40 ended.(551306+163840x5609470).
<-><->
      
l.177 ...ean x_{\rm male} - \mean x_{\rm female})$
                                                   with $\b a
Not a real error.

[40]
! Preview: Snippet 41 started.
<-><->
      
l.177 ...\rm male} - \mean x_{\rm female})$ with $
                                                  \b a
Not a real error.

! Preview: Snippet 41 ended.(708522+286896x13450808).
<-><->
      
l.183 $
        is most responsible for rejecting $H_{0}$ in Exercise (c).
Not a real error.

[41]
! Preview: Snippet 42 started.
<-><->
      
l.183 $ is most responsible for rejecting $
                                           H_{0}$ in Exercise (c).
Not a real error.

! Preview: Snippet 42 ended.(447828+98303x838771).
<-><->
      
l.183 $ is most responsible for rejecting $H_{0}$
                                                  in Exercise (c).
Not a real error.

[42]
! Preview: Snippet 43 started.
<-><->
      
l.184 \subsection
                 *{(e)}
Not a real error.

! Preview: Snippet 43 ended.(589824+196608x22609920).
<-><->
      
l.184 \subsection*{(e)}
                       
Not a real error.

[43]
! Preview: Snippet 44 started.
<-><->
      
l.188 \begin{align}
                   
Not a real error.

! Preview: Snippet 44 ended.(4332465+0x22609920).
<-><->
      
l.199 \end{align}
                 
Not a real error.

[44

]
! Preview: Snippet 45 started.
<-><->
      
l.200 where for $
                 \mu = (\mu_1, \mu_2)$, and $\alpha = 0.05$. The confidence
Not a real error.

! Preview: Snippet 45 ended.(491520+163840x3447465).
<-><->
      
l.200 where for $\mu = (\mu_1, \mu_2)$
                                      , and $\alpha = 0.05$. The confidence
Not a real error.

[45]
! Preview: Snippet 46 started.
<-><->
      
l.200 where for $\mu = (\mu_1, \mu_2)$, and $
                                             \alpha = 0.05$. The confidence
Not a real error.

! Preview: Snippet 46 ended.(422343+0x2460555).
<-><->
      
l.200 ...mu = (\mu_1, \mu_2)$, and $\alpha = 0.05$
                                                  . The confidence
Not a real error.

[46]

LaTeX Warning: Reference `fig:ex2fig' on page 1 undefined on input line 201.

! Preview: Snippet 47 started.
<-><->
      
l.203 \begin{figure}
                    [h]
Not a real error.

Package epstopdf Info: Source file: <./images/ex2fig.eps>
(epstopdf)                    date: 2018-01-19 11:24:37
(epstopdf)                    size: 70485 bytes
(epstopdf)             Output file: <./images/ex2fig-eps-converted-to.pdf>
(epstopdf)                    date: 2018-01-19 11:24:55
(epstopdf)                    size: 13156 bytes
(epstopdf)             Command: <repstopdf --outfile=./images/ex2fig-eps-conver
ted-to.pdf ./images/ex2fig.eps>
(epstopdf)             \includegraphics on input line 205.
Package epstopdf Info: Output file is already uptodate.
<./images/ex2fig-eps-converted-to.pdf, id=165, 361.35pt x 292.09125pt>
File: ./images/ex2fig-eps-converted-to.pdf Graphic file (type pdf)

<use ./images/ex2fig-eps-converted-to.pdf>
Package pdftex.def Info: ./images/ex2fig-eps-converted-to.pdf used on input lin
e 205.
(pdftex.def)             Requested size: 284.52756pt x 229.9963pt.

! Preview: Snippet 47 ended.(17301262+0x22609920).
<-><->
      
l.209 \end{figure}
                  
Not a real error.

[47


 <./images/ex2fig-eps-converted-to.pdf>]
! Preview: Snippet 48 started.
<-><->
      
l.210 The simultaneous confidence interval are $
                                                \b \mu = \b \mu_{\rm male}- \b
Not a real error.

! Preview: Snippet 48 ended.(382293+127431x5673864).
<-><->
      
l.211 \mu_{\rm female}$
                        then we get that the confidence region for $\mu_{1}$
Not a real error.

[48]
! Preview: Snippet 49 started.
<-><->
      
l.211 ...n we get that the confidence region for $
                                                  \mu_{1}$
Not a real error.

! Preview: Snippet 49 ended.(282168+127431x688889).
<-><->
      
l.211 ... that the confidence region for $\mu_{1}$
                                                  
Not a real error.

[49]
! Preview: Snippet 50 started.
<-><->
      
l.213 \begin{equation*}
                       
Not a real error.

! Preview: Snippet 50 ended.(786439+0x13771670).
<-><->
      
l.217 \end{equation*}
                     
Not a real error.

[50]
! Preview: Snippet 51 started.
<-><->
      
l.218 and, for $
                \mu_{2}$,
Not a real error.

! Preview: Snippet 51 ended.(282168+127431x688889).
<-><->
      
l.218 and, for $\mu_{2}$
                        ,
Not a real error.

[51]
! Preview: Snippet 52 started.
<-><->
      
l.219 \begin{equation*}
                       
Not a real error.

! Preview: Snippet 52 ended.(786439+0x13498601).
<-><->
      
l.223 \end{equation*}
                     
Not a real error.

[52]

LaTeX Warning: Reference `fig:ex2_sim_intervals' on page 1 undefined on input l
ine 225.

! Preview: Snippet 53 started.
<-><->
      
l.226 \begin{figure}
                    [h]
Not a real error.

Package epstopdf Info: Source file: <./images/ex2fig_with_sim_intervals.eps>
(epstopdf)                    date: 2018-01-19 11:24:37
(epstopdf)                    size: 70846 bytes
(epstopdf)             Output file: <./images/ex2fig_with_sim_intervals-eps-con
verted-to.pdf>
(epstopdf)                    date: 2018-01-19 11:28:46
(epstopdf)                    size: 13243 bytes
(epstopdf)             Command: <repstopdf --outfile=./images/ex2fig_with_sim_i
ntervals-eps-converted-to.pdf ./images/ex2fig_with_sim_intervals.eps>
(epstopdf)             \includegraphics on input line 228.
Package epstopdf Info: Output file is already uptodate.

<./images/ex2fig_with_sim_intervals-eps-converted-to.pdf, id=191, 361.35pt x 29
2.09125pt>
File: ./images/ex2fig_with_sim_intervals-eps-converted-to.pdf Graphic file (typ
e pdf)
 <use ./images/ex2fig_with_sim_intervals-eps-converted-to.pdf>
Package pdftex.def Info: ./images/ex2fig_with_sim_intervals-eps-converted-to.pd
f used on input line 228.
(pdftex.def)             Requested size: 284.52756pt x 229.9963pt.

! Preview: Snippet 53 ended.(16514830+0x22609920).
<-><->
      
l.231 \end{figure}
                  
Not a real error.

[53


 <./images/ex2fig_with_sim_intervals-eps-converted-to.pdf>]
! Preview: Snippet 54 started.
<-><->
      
l.232 \subsection
                 *{(f)}
Not a real error.

! Preview: Snippet 54 ended.(589824+196608x22609920).
<-><->
      
l.232 \subsection*{(f)}
                       
Not a real error.

[54]  !name(examination.tex) !offset(-159) 

LaTeX Warning: There were undefined references.


Package biblatex Warning: Please (re)run Biber on the file:
(biblatex)                _region_
(biblatex)                and rerun LaTeX afterwards.

Package logreq Info: Writing requests to '_region_.run.xml'.
\openout1 = `_region_.run.xml'.

 ) 
Here is how much of TeX's memory you used:
 996 strings out of 483387
 14771 string characters out of 5991147
 439016 words of memory out of 5000000
 15070 multiletter control sequences out of 15000+600000
 10783 words of font info for 40 fonts, out of 8000000 for 9000
 350 hyphenation exceptions out of 8191
 33i,13n,38p,228b,735s stack positions out of 5000i,500n,10000p,200000b,80000s
</usr/share/texlive/texmf-dist/fonts/type1/public/amsfonts/cm/cmbx12.pfb></us
r/share/texlive/texmf-dist/fonts/type1/public/amsfonts/cm/cmex10.pfb></usr/shar
e/texlive/texmf-dist/fonts/type1/public/amsfonts/cm/cmmi10.pfb></usr/share/texl
ive/texmf-dist/fonts/type1/public/amsfonts/cm/cmmi7.pfb></usr/share/texlive/tex
mf-dist/fonts/type1/public/amsfonts/cm/cmmib10.pfb></usr/share/texlive/texmf-di
st/fonts/type1/public/amsfonts/cm/cmr10.pfb></usr/share/texlive/texmf-dist/font
s/type1/public/amsfonts/cm/cmr7.pfb></usr/share/texlive/texmf-dist/fonts/type1/
public/amsfonts/cm/cmsy10.pfb></usr/share/texlive/texmf-dist/fonts/type1/public
/amsfonts/cm/cmsy7.pfb>
Output written on _region_.pdf (54 pages, 136138 bytes).
PDF statistics:
 235 PDF objects out of 1000 (max. 8388607)
 161 compressed objects within 2 object streams
 0 named destinations out of 1000 (max. 500000)
 16 words of extra memory for PDF output out of 10000 (max. 10000000)

