This is pdfTeX, Version 3.14159265-2.6-1.40.16 (TeX Live 2015/Debian) (preloaded format=pdflatex 2017.8.23)  5 OCT 2017 16:19
entering extended mode
 restricted \write18 enabled.
 %&-line parsing enabled.
**ex5.tex
(./ex5.tex
LaTeX2e <2016/02/01>
Babel <3.9q> and hyphenation patterns for 29 language(s) loaded.
! Undefined control sequence.
l.2 \section
            *{Exercise 5}
? 
! Emergency stop.
l.2 \section
            *{Exercise 5}
End of file on the terminal!

 
Here is how much of TeX's memory you used:
 5 strings out of 494374
 118 string characters out of 6164954
 47440 words of memory out of 5000000
 3426 multiletter control sequences out of 15000+600000
 3640 words of font info for 14 fonts, out of 8000000 for 9000
 350 hyphenation exceptions out of 8191
 5i,0n,1p,31b,8s stack positions out of 5000i,500n,10000p,200000b,80000s
!  ==> Fatal error occurred, no output PDF file produced!
